<?xml version="1.0" encoding="UTF-8"?>
<coverage generated="1564480396016" clover="3.2.0">
  <project timestamp="1564480396016" name="All files">
    <metrics statements="52" coveredstatements="52" conditionals="54" coveredconditionals="54" methods="23" coveredmethods="23" elements="129" coveredelements="129" complexity="0" loc="52" ncloc="52" packages="1" files="1" classes="1"/>
    <file name="index.tsx" path="/Users/julianlow/Projects/bloody-react-image/src/index.tsx">
      <metrics statements="52" coveredstatements="52" conditionals="54" coveredconditionals="54" methods="23" coveredmethods="23"/>
      <line num="1" count="1" type="stmt"/>
      <line num="2" count="1" type="stmt"/>
      <line num="50" count="1" type="stmt"/>
      <line num="53" count="44" type="stmt"/>
      <line num="61" count="69" type="stmt"/>
      <line num="72" count="238" type="cond" truecount="2" falsecount="0"/>
      <line num="83" count="67" type="stmt"/>
      <line num="85" count="67" type="stmt"/>
      <line num="97" count="4" type="stmt"/>
      <line num="99" count="4" type="stmt"/>
      <line num="110" count="67" type="stmt"/>
      <line num="111" count="67" type="cond" truecount="2" falsecount="0"/>
      <line num="115" count="68" type="stmt"/>
      <line num="116" count="68" type="cond" truecount="2" falsecount="0"/>
      <line num="122" count="47" type="cond" truecount="2" falsecount="0"/>
      <line num="128" count="47" type="cond" truecount="4" falsecount="0"/>
      <line num="129" count="45" type="stmt"/>
      <line num="134" count="45" type="stmt"/>
      <line num="135" count="45" type="stmt"/>
      <line num="144" count="44" type="stmt"/>
      <line num="145" count="48" type="stmt"/>
      <line num="146" count="48" type="stmt"/>
      <line num="150" count="47" type="stmt"/>
      <line num="151" count="47" type="stmt"/>
      <line num="154" count="44" type="stmt"/>
      <line num="155" count="52" type="cond" truecount="2" falsecount="0"/>
      <line num="156" count="2" type="stmt"/>
      <line num="157" count="2" type="stmt"/>
      <line num="160" count="50" type="cond" truecount="4" falsecount="0"/>
      <line num="161" count="1" type="stmt"/>
      <line num="163" count="49" type="stmt"/>
      <line num="164" count="49" type="stmt"/>
      <line num="168" count="44" type="stmt"/>
      <line num="169" count="2" type="stmt"/>
      <line num="170" count="2" type="stmt"/>
      <line num="179" count="44" type="stmt"/>
      <line num="181" count="5" type="cond" truecount="2" falsecount="0"/>
      <line num="185" count="5" type="cond" truecount="4" falsecount="0"/>
      <line num="186" count="2" type="stmt"/>
      <line num="187" count="2" type="stmt"/>
      <line num="196" count="3" type="stmt"/>
      <line num="197" count="3" type="stmt"/>
      <line num="207" count="5" type="stmt"/>
      <line num="210" count="44" type="stmt"/>
      <line num="220" count="44" type="stmt"/>
      <line num="221" count="5" type="stmt"/>
      <line num="227" count="44" type="stmt"/>
      <line num="249" count="119" type="stmt"/>
      <line num="251" count="119" type="stmt"/>
      <line num="253" count="119" type="cond" truecount="5" falsecount="0"/>
      <line num="254" count="1" type="stmt"/>
      <line num="257" count="118" type="stmt"/>
    </file>
  </project>
</coverage>
