<?xml version="1.0" encoding="UTF-8"?>
<coverage generated="1563788020341" clover="3.2.0">
  <project timestamp="1563788020342" name="All files">
    <metrics statements="63" coveredstatements="63" conditionals="64" coveredconditionals="64" methods="27" coveredmethods="27" elements="154" coveredelements="154" complexity="0" loc="63" ncloc="63" packages="1" files="3" classes="3"/>
    <file name="index.js" path="/Users/julianlow/Projects/bloody-react-image/src/index.js">
      <metrics statements="59" coveredstatements="59" conditionals="62" coveredconditionals="62" methods="25" coveredmethods="25"/>
      <line num="6" count="1" type="stmt"/>
      <line num="8" count="46" type="stmt"/>
      <line num="16" count="9" type="stmt"/>
      <line num="27" count="111" type="cond" truecount="4" falsecount="0"/>
      <line num="33" count="7" type="stmt"/>
      <line num="35" count="7" type="cond" truecount="2" falsecount="0"/>
      <line num="47" count="3" type="stmt"/>
      <line num="49" count="3" type="stmt"/>
      <line num="60" count="7" type="stmt"/>
      <line num="61" count="7" type="cond" truecount="2" falsecount="0"/>
      <line num="65" count="8" type="stmt"/>
      <line num="66" count="8" type="stmt"/>
      <line num="68" count="8" type="cond" truecount="4" falsecount="0"/>
      <line num="74" count="49" type="cond" truecount="2" falsecount="0"/>
      <line num="78" count="49" type="cond" truecount="4" falsecount="0"/>
      <line num="79" count="47" type="stmt"/>
      <line num="84" count="47" type="stmt"/>
      <line num="85" count="47" type="stmt"/>
      <line num="95" count="50" type="stmt"/>
      <line num="96" count="50" type="stmt"/>
      <line num="97" count="50" type="stmt"/>
      <line num="101" count="49" type="stmt"/>
      <line num="102" count="49" type="stmt"/>
      <line num="105" count="46" type="stmt"/>
      <line num="106" count="54" type="cond" truecount="2" falsecount="0"/>
      <line num="107" count="2" type="stmt"/>
      <line num="108" count="2" type="stmt"/>
      <line num="111" count="52" type="cond" truecount="4" falsecount="0"/>
      <line num="112" count="1" type="stmt"/>
      <line num="114" count="51" type="stmt"/>
      <line num="115" count="51" type="stmt"/>
      <line num="119" count="53" type="stmt"/>
      <line num="120" count="2" type="stmt"/>
      <line num="121" count="2" type="stmt"/>
      <line num="130" count="46" type="stmt"/>
      <line num="132" count="5" type="cond" truecount="4" falsecount="0"/>
      <line num="136" count="5" type="cond" truecount="4" falsecount="0"/>
      <line num="137" count="2" type="stmt"/>
      <line num="138" count="2" type="stmt"/>
      <line num="147" count="3" type="stmt"/>
      <line num="148" count="3" type="stmt"/>
      <line num="158" count="5" type="stmt"/>
      <line num="161" count="46" type="stmt"/>
      <line num="172" count="4" type="cond" truecount="2" falsecount="0"/>
      <line num="180" count="46" type="stmt"/>
      <line num="192" count="25" type="cond" truecount="4" falsecount="0"/>
      <line num="193" count="1" type="stmt"/>
      <line num="196" count="24" type="cond" truecount="2" falsecount="0"/>
      <line num="197" count="5" type="stmt"/>
      <line num="200" count="19" type="stmt"/>
      <line num="217" count="123" type="stmt"/>
      <line num="219" count="123" type="stmt"/>
      <line num="221" count="123" type="cond" truecount="5" falsecount="0"/>
      <line num="222" count="66" type="stmt"/>
      <line num="231" count="57" type="cond" truecount="4" falsecount="0"/>
      <line num="232" count="5" type="stmt"/>
      <line num="252" count="52" type="cond" truecount="4" falsecount="0"/>
      <line num="253" count="1" type="stmt"/>
      <line num="268" count="51" type="stmt"/>
    </file>
    <file name="index.propTypes.js" path="/Users/julianlow/Projects/bloody-react-image/src/index.propTypes.js">
      <metrics statements="1" coveredstatements="1" conditionals="0" coveredconditionals="0" methods="0" coveredmethods="0"/>
      <line num="3" count="1" type="stmt"/>
    </file>
    <file name="utils.js" path="/Users/julianlow/Projects/bloody-react-image/src/utils.js">
      <metrics statements="3" coveredstatements="3" conditionals="2" coveredconditionals="2" methods="2" coveredmethods="2"/>
      <line num="1" count="2" type="stmt"/>
      <line num="2" count="42" type="stmt"/>
      <line num="4" count="41" type="cond" truecount="2" falsecount="0"/>
    </file>
  </project>
</coverage>
