{"/Users/julianlow/Projects/bloody-react-image/src/index.tsx": {"path":"/Users/julianlow/Projects/bloody-react-image/src/index.tsx","statementMap":{"0":{"start":{"line":1,"column":0},"end":{"line":1,"column":31}},"1":{"start":{"line":2,"column":0},"end":{"line":2,"column":33}},"2":{"start":{"line":57,"column":2},"end":{"line":62,"column":4}},"3":{"start":{"line":148,"column":2},"end":{"line":151,"column":4}},"4":{"start":{"line":149,"column":4},"end":{"line":149,"column":29}},"5":{"start":{"line":150,"column":4},"end":{"line":150,"column":28}},"6":{"start":{"line":158,"column":2},"end":{"line":170,"column":4}},"7":{"start":{"line":159,"column":4},"end":{"line":162,"column":null}},"8":{"start":{"line":160,"column":6},"end":{"line":160,"column":53}},"9":{"start":{"line":161,"column":6},"end":{"line":161,"column":13}},"10":{"start":{"line":164,"column":4},"end":{"line":169,"column":null}},"11":{"start":{"line":165,"column":6},"end":{"line":165,"column":68}},"12":{"start":{"line":167,"column":6},"end":{"line":167,"column":43}},"13":{"start":{"line":168,"column":6},"end":{"line":168,"column":45}},"14":{"start":{"line":172,"column":2},"end":{"line":176,"column":4}},"15":{"start":{"line":173,"column":4},"end":{"line":175,"column":35}},"16":{"start":{"line":178,"column":2},"end":{"line":187,"column":4}},"17":{"start":{"line":179,"column":4},"end":{"line":186,"column":6}},"18":{"start":{"line":180,"column":13},"end":{"line":184,"column":8}},"19":{"start":{"line":189,"column":2},"end":{"line":193,"column":4}},"20":{"start":{"line":190,"column":4},"end":{"line":192,"column":25}},"21":{"start":{"line":191,"column":6},"end":{"line":191,"column":33}},"22":{"start":{"line":195,"column":2},"end":{"line":224,"column":4}},"23":{"start":{"line":197,"column":6},"end":{"line":199,"column":46}},"24":{"start":{"line":201,"column":4},"end":{"line":221,"column":null}},"25":{"start":{"line":202,"column":6},"end":{"line":210,"column":8}},"26":{"start":{"line":203,"column":15},"end":{"line":208,"column":10}},"27":{"start":{"line":212,"column":6},"end":{"line":220,"column":8}},"28":{"start":{"line":213,"column":15},"end":{"line":218,"column":10}},"29":{"start":{"line":223,"column":4},"end":{"line":223,"column":29}},"30":{"start":{"line":226,"column":2},"end":{"line":234,"column":4}},"31":{"start":{"line":236,"column":2},"end":{"line":241,"column":4}},"32":{"start":{"line":237,"column":4},"end":{"line":240,"column":6}},"33":{"start":{"line":243,"column":2},"end":{"line":252,"column":4}},"34":{"start":{"line":65,"column":4},"end":{"line":70,"column":6}},"35":{"start":{"line":76,"column":4},"end":{"line":76,"column":30}},"36":{"start":{"line":87,"column":74},"end":{"line":87,"column":79}},"37":{"start":{"line":87,"column":39},"end":{"line":87,"column":74}},"38":{"start":{"line":89,"column":4},"end":{"line":95,"column":22}},"39":{"start":{"line":101,"column":23},"end":{"line":101,"column":33}},"40":{"start":{"line":103,"column":4},"end":{"line":109,"column":null}},"41":{"start":{"line":114,"column":23},"end":{"line":114,"column":33}},"42":{"start":{"line":115,"column":4},"end":{"line":115,"column":60}},"43":{"start":{"line":119,"column":30},"end":{"line":119,"column":40}},"44":{"start":{"line":120,"column":4},"end":{"line":122,"column":15}},"45":{"start":{"line":126,"column":4},"end":{"line":128,"column":23}},"46":{"start":{"line":132,"column":4},"end":{"line":134,"column":null}},"47":{"start":{"line":133,"column":6},"end":{"line":133,"column":30}},"48":{"start":{"line":138,"column":4},"end":{"line":145,"column":6}},"49":{"start":{"line":139,"column":13},"end":{"line":143,"column":8}},"50":{"start":{"line":154,"column":4},"end":{"line":154,"column":43}},"51":{"start":{"line":155,"column":4},"end":{"line":155,"column":46}},"52":{"start":{"line":265,"column":8},"end":{"line":265,"column":18}},"53":{"start":{"line":267,"column":51},"end":{"line":267,"column":61}},"54":{"start":{"line":269,"column":4},"end":{"line":271,"column":null}},"55":{"start":{"line":270,"column":6},"end":{"line":270,"column":18}},"56":{"start":{"line":273,"column":4},"end":{"line":312,"column":6}},"57":{"start":{"line":54,"column":0},"end":{"line":54,"column":13}}},"fnMap":{"0":{"name":"(anonymous_2)","decl":{"start":{"line":54,"column":0},"end":{"line":54,"column":13}},"loc":{"start":{"line":54,"column":0},"end":{"line":314,"column":1}}},"1":{"name":"(anonymous_3)","decl":{"start":{"line":148,"column":19},"end":{"line":148,"column":20}},"loc":{"start":{"line":148,"column":38},"end":{"line":151,"column":3}}},"2":{"name":"(anonymous_4)","decl":{"start":{"line":158,"column":39},"end":{"line":158,"column":42}},"loc":{"start":{"line":158,"column":44},"end":{"line":170,"column":3}}},"3":{"name":"(anonymous_5)","decl":{"start":{"line":172,"column":16},"end":{"line":172,"column":19}},"loc":{"start":{"line":172,"column":21},"end":{"line":176,"column":3}}},"4":{"name":"(anonymous_6)","decl":{"start":{"line":178,"column":24},"end":{"line":178,"column":27}},"loc":{"start":{"line":178,"column":29},"end":{"line":187,"column":3}}},"5":{"name":"(anonymous_7)","decl":{"start":{"line":180,"column":6},"end":{"line":180,"column":9}},"loc":{"start":{"line":180,"column":13},"end":{"line":184,"column":8}}},"6":{"name":"(anonymous_8)","decl":{"start":{"line":189,"column":33},"end":{"line":189,"column":36}},"loc":{"start":{"line":189,"column":38},"end":{"line":193,"column":3}}},"7":{"name":"(anonymous_9)","decl":{"start":{"line":190,"column":15},"end":{"line":190,"column":18}},"loc":{"start":{"line":190,"column":20},"end":{"line":192,"column":5}}},"8":{"name":"(anonymous_10)","decl":{"start":{"line":195,"column":17},"end":{"line":195,"column":18}},"loc":{"start":{"line":195,"column":32},"end":{"line":224,"column":3}}},"9":{"name":"(anonymous_11)","decl":{"start":{"line":203,"column":8},"end":{"line":203,"column":11}},"loc":{"start":{"line":203,"column":15},"end":{"line":208,"column":10}}},"10":{"name":"(anonymous_12)","decl":{"start":{"line":213,"column":8},"end":{"line":213,"column":11}},"loc":{"start":{"line":213,"column":15},"end":{"line":218,"column":10}}},"11":{"name":"(anonymous_13)","decl":{"start":{"line":226,"column":22},"end":{"line":226,"column":25}},"loc":{"start":{"line":226,"column":27},"end":{"line":234,"column":3}}},"12":{"name":"(anonymous_14)","decl":{"start":{"line":236,"column":33},"end":{"line":236,"column":53}},"loc":{"start":{"line":236,"column":55},"end":{"line":241,"column":3}}},"13":{"name":"(anonymous_15)","decl":{"start":{"line":243,"column":23},"end":{"line":243,"column":26}},"loc":{"start":{"line":243,"column":28},"end":{"line":252,"column":3}}},"14":{"name":"(anonymous_16)","decl":{"start":{"line":64,"column":2},"end":{"line":64,"column":6}},"loc":{"start":{"line":64,"column":23},"end":{"line":71,"column":3}}},"15":{"name":"(anonymous_17)","decl":{"start":{"line":73,"column":2},"end":{"line":73,"column":6}},"loc":{"start":{"line":73,"column":17},"end":{"line":77,"column":3}}},"16":{"name":"(anonymous_18)","decl":{"start":{"line":79,"column":2},"end":{"line":79,"column":6}},"loc":{"start":{"line":79,"column":17},"end":{"line":96,"column":3}}},"17":{"name":"(anonymous_19)","decl":{"start":{"line":98,"column":2},"end":{"line":98,"column":6}},"loc":{"start":{"line":98,"column":27},"end":{"line":111,"column":3}}},"18":{"name":"(anonymous_20)","decl":{"start":{"line":113,"column":2},"end":{"line":113,"column":6}},"loc":{"start":{"line":113,"column":17},"end":{"line":116,"column":3}}},"19":{"name":"(anonymous_21)","decl":{"start":{"line":118,"column":2},"end":{"line":118,"column":6}},"loc":{"start":{"line":118,"column":16},"end":{"line":123,"column":3}}},"20":{"name":"(anonymous_22)","decl":{"start":{"line":125,"column":2},"end":{"line":125,"column":6}},"loc":{"start":{"line":125,"column":26},"end":{"line":129,"column":3}}},"21":{"name":"(anonymous_23)","decl":{"start":{"line":131,"column":2},"end":{"line":131,"column":19}},"loc":{"start":{"line":131,"column":19},"end":{"line":135,"column":3}}},"22":{"name":"(anonymous_24)","decl":{"start":{"line":137,"column":2},"end":{"line":137,"column":18}},"loc":{"start":{"line":137,"column":18},"end":{"line":146,"column":3}}},"23":{"name":"(anonymous_25)","decl":{"start":{"line":139,"column":6},"end":{"line":139,"column":9}},"loc":{"start":{"line":139,"column":13},"end":{"line":143,"column":8}}},"24":{"name":"(anonymous_26)","decl":{"start":{"line":153,"column":2},"end":{"line":153,"column":15}},"loc":{"start":{"line":153,"column":15},"end":{"line":156,"column":3}}},"25":{"name":"(anonymous_27)","decl":{"start":{"line":254,"column":2},"end":{"line":254,"column":8}},"loc":{"start":{"line":254,"column":8},"end":{"line":313,"column":3}}}},"branchMap":{"0":{"loc":{"start":{"line":159,"column":4},"end":{"line":162,"column":null}},"type":"if","locations":[{"start":{"line":159,"column":4},"end":{"line":162,"column":null}},{"start":{"line":159,"column":4},"end":{"line":162,"column":null}}]},"1":{"loc":{"start":{"line":164,"column":4},"end":{"line":169,"column":null}},"type":"if","locations":[{"start":{"line":164,"column":4},"end":{"line":169,"column":null}},{"start":{"line":164,"column":4},"end":{"line":169,"column":null}}]},"2":{"loc":{"start":{"line":164,"column":8},"end":{"line":164,"column":25}},"type":"binary-expr","locations":[{"start":{"line":164,"column":8},"end":{"line":164,"column":25}},{"start":{"line":164,"column":29},"end":{"line":164,"column":48}}]},"3":{"loc":{"start":{"line":174,"column":8},"end":{"line":174,"column":43}},"type":"cond-expr","locations":[{"start":{"line":174,"column":8},"end":{"line":174,"column":43}},{"start":{"line":175,"column":8},"end":{"line":175,"column":34}}]},"4":{"loc":{"start":{"line":198,"column":10},"end":{"line":198,"column":28}},"type":"cond-expr","locations":[{"start":{"line":198,"column":10},"end":{"line":198,"column":28}},{"start":{"line":199,"column":10},"end":{"line":199,"column":46}}]},"5":{"loc":{"start":{"line":197,"column":6},"end":{"line":197,"column":11}},"type":"binary-expr","locations":[{"start":{"line":197,"column":6},"end":{"line":197,"column":11}},{"start":{"line":197,"column":15},"end":{"line":197,"column":28}}]},"6":{"loc":{"start":{"line":201,"column":4},"end":{"line":221,"column":null}},"type":"if","locations":[{"start":{"line":201,"column":4},"end":{"line":221,"column":null}},{"start":{"line":201,"column":4},"end":{"line":221,"column":null}}]},"7":{"loc":{"start":{"line":201,"column":8},"end":{"line":201,"column":25}},"type":"binary-expr","locations":[{"start":{"line":201,"column":8},"end":{"line":201,"column":25}},{"start":{"line":201,"column":29},"end":{"line":201,"column":58}}]},"8":{"loc":{"start":{"line":66,"column":6},"end":{"line":66,"column":27}},"type":"binary-expr","locations":[{"start":{"line":66,"column":6},"end":{"line":66,"column":27}},{"start":{"line":67,"column":6},"end":{"line":67,"column":20}},{"start":{"line":68,"column":6},"end":{"line":68,"column":43}},{"start":{"line":69,"column":6},"end":{"line":69,"column":46}}]},"9":{"loc":{"start":{"line":76,"column":11},"end":{"line":76,"column":19}},"type":"binary-expr","locations":[{"start":{"line":76,"column":11},"end":{"line":76,"column":19}},{"start":{"line":76,"column":23},"end":{"line":76,"column":29}}]},"10":{"loc":{"start":{"line":90,"column":7},"end":{"line":93,"column":null}},"type":"cond-expr","locations":[{"start":{"line":90,"column":7},"end":{"line":93,"column":null}},{"start":{"line":95,"column":7},"end":{"line":95,"column":21}}]},"11":{"loc":{"start":{"line":115,"column":44},"end":{"line":115,"column":50}},"type":"cond-expr","locations":[{"start":{"line":115,"column":44},"end":{"line":115,"column":50}},{"start":{"line":115,"column":53},"end":{"line":115,"column":59}}]},"12":{"loc":{"start":{"line":121,"column":8},"end":{"line":121,"column":13}},"type":"cond-expr","locations":[{"start":{"line":121,"column":8},"end":{"line":121,"column":13}},{"start":{"line":122,"column":8},"end":{"line":122,"column":14}}]},"13":{"loc":{"start":{"line":120,"column":11},"end":{"line":120,"column":41}},"type":"binary-expr","locations":[{"start":{"line":120,"column":11},"end":{"line":120,"column":41}},{"start":{"line":120,"column":45},"end":{"line":120,"column":74}}]},"14":{"loc":{"start":{"line":127,"column":8},"end":{"line":127,"column":35}},"type":"cond-expr","locations":[{"start":{"line":127,"column":8},"end":{"line":127,"column":35}},{"start":{"line":128,"column":8},"end":{"line":128,"column":22}}]},"15":{"loc":{"start":{"line":126,"column":11},"end":{"line":126,"column":27}},"type":"binary-expr","locations":[{"start":{"line":126,"column":11},"end":{"line":126,"column":27}},{"start":{"line":126,"column":31},"end":{"line":126,"column":60}}]},"16":{"loc":{"start":{"line":132,"column":4},"end":{"line":134,"column":null}},"type":"if","locations":[{"start":{"line":132,"column":4},"end":{"line":134,"column":null}},{"start":{"line":132,"column":4},"end":{"line":134,"column":null}}]},"17":{"loc":{"start":{"line":132,"column":8},"end":{"line":132,"column":29}},"type":"binary-expr","locations":[{"start":{"line":132,"column":8},"end":{"line":132,"column":29}},{"start":{"line":132,"column":33},"end":{"line":132,"column":53}}]},"18":{"loc":{"start":{"line":264,"column":13},"end":{"line":264,"column":18}},"type":"default-arg","locations":[{"start":{"line":264,"column":13},"end":{"line":264,"column":18}}]},"19":{"loc":{"start":{"line":269,"column":4},"end":{"line":271,"column":null}},"type":"if","locations":[{"start":{"line":269,"column":4},"end":{"line":271,"column":null}},{"start":{"line":269,"column":4},"end":{"line":271,"column":null}}]},"20":{"loc":{"start":{"line":269,"column":8},"end":{"line":269,"column":17}},"type":"binary-expr","locations":[{"start":{"line":269,"column":8},"end":{"line":269,"column":17}},{"start":{"line":269,"column":21},"end":{"line":269,"column":31}},{"start":{"line":269,"column":35},"end":{"line":269,"column":42}}]},"21":{"loc":{"start":{"line":275,"column":9},"end":{"line":275,"column":27}},"type":"binary-expr","locations":[{"start":{"line":275,"column":9},"end":{"line":275,"column":27}},{"start":{"line":276,"column":10},"end":{"line":279,"column":null}}]},"22":{"loc":{"start":{"line":283,"column":9},"end":{"line":283,"column":25}},"type":"binary-expr","locations":[{"start":{"line":283,"column":9},"end":{"line":283,"column":25}},{"start":{"line":283,"column":29},"end":{"line":283,"column":49}},{"start":{"line":284,"column":10},"end":{"line":295,"column":null}}]},"23":{"loc":{"start":{"line":292,"column":24},"end":{"line":292,"column":33}},"type":"binary-expr","locations":[{"start":{"line":292,"column":24},"end":{"line":292,"column":33}},{"start":{"line":292,"column":37},"end":{"line":292,"column":40}}]},"24":{"loc":{"start":{"line":299,"column":9},"end":{"line":299,"column":25}},"type":"binary-expr","locations":[{"start":{"line":299,"column":9},"end":{"line":299,"column":25}},{"start":{"line":299,"column":29},"end":{"line":299,"column":48}},{"start":{"line":300,"column":10},"end":{"line":308,"column":null}}]},"25":{"loc":{"start":{"line":303,"column":24},"end":{"line":303,"column":33}},"type":"binary-expr","locations":[{"start":{"line":303,"column":24},"end":{"line":303,"column":33}},{"start":{"line":303,"column":37},"end":{"line":303,"column":40}}]}},"s":{"0":1,"1":1,"2":46,"3":46,"4":50,"5":50,"6":46,"7":54,"8":2,"9":2,"10":52,"11":1,"12":51,"13":51,"14":46,"15":4,"16":46,"17":4,"18":4,"19":46,"20":2,"21":1,"22":46,"23":5,"24":5,"25":2,"26":2,"27":3,"28":3,"29":5,"30":46,"31":46,"32":7,"33":46,"34":75,"35":254,"36":73,"37":73,"38":73,"39":4,"40":4,"41":73,"42":73,"43":74,"44":74,"45":49,"46":49,"47":47,"48":47,"49":47,"50":49,"51":49,"52":127,"53":127,"54":127,"55":1,"56":126,"57":1},"f":{"0":46,"1":50,"2":54,"3":4,"4":4,"5":4,"6":2,"7":1,"8":5,"9":2,"10":3,"11":6,"12":7,"13":4,"14":75,"15":254,"16":73,"17":4,"18":73,"19":74,"20":49,"21":49,"22":47,"23":47,"24":49,"25":127},"b":{"0":[2,52],"1":[1,51],"2":[52,2],"3":[1,3],"4":[4,1],"5":[5,4],"6":[2,3],"7":[5,4],"8":[75,22,22,16],"9":[254,156],"10":[15,58],"11":[3,70],"12":[2,72],"13":[74,3],"14":[1,48],"15":[49,1],"16":[47,2],"17":[49,48],"18":[127],"19":[1,126],"20":[127,119,51],"21":[126,126],"22":[126,73,71],"23":[71,71],"24":[126,73,2],"25":[2,2]}}
}
