{"/Users/julianlow/Projects/bloody-react-image/src/index.tsx": {"path":"/Users/julianlow/Projects/bloody-react-image/src/index.tsx","statementMap":{"0":{"start":{"line":1,"column":0},"end":{"line":1,"column":31}},"1":{"start":{"line":2,"column":0},"end":{"line":2,"column":33}},"2":{"start":{"line":53,"column":2},"end":{"line":58,"column":4}},"3":{"start":{"line":144,"column":2},"end":{"line":147,"column":4}},"4":{"start":{"line":145,"column":4},"end":{"line":145,"column":29}},"5":{"start":{"line":146,"column":4},"end":{"line":146,"column":28}},"6":{"start":{"line":154,"column":2},"end":{"line":166,"column":4}},"7":{"start":{"line":155,"column":4},"end":{"line":158,"column":null}},"8":{"start":{"line":156,"column":6},"end":{"line":156,"column":53}},"9":{"start":{"line":157,"column":6},"end":{"line":157,"column":13}},"10":{"start":{"line":160,"column":4},"end":{"line":165,"column":null}},"11":{"start":{"line":161,"column":6},"end":{"line":161,"column":68}},"12":{"start":{"line":163,"column":6},"end":{"line":163,"column":43}},"13":{"start":{"line":164,"column":6},"end":{"line":164,"column":45}},"14":{"start":{"line":168,"column":2},"end":{"line":177,"column":4}},"15":{"start":{"line":169,"column":4},"end":{"line":176,"column":6}},"16":{"start":{"line":170,"column":13},"end":{"line":174,"column":8}},"17":{"start":{"line":179,"column":2},"end":{"line":208,"column":4}},"18":{"start":{"line":181,"column":6},"end":{"line":183,"column":46}},"19":{"start":{"line":185,"column":4},"end":{"line":205,"column":null}},"20":{"start":{"line":186,"column":6},"end":{"line":194,"column":8}},"21":{"start":{"line":187,"column":15},"end":{"line":192,"column":10}},"22":{"start":{"line":196,"column":6},"end":{"line":204,"column":8}},"23":{"start":{"line":197,"column":15},"end":{"line":202,"column":10}},"24":{"start":{"line":207,"column":4},"end":{"line":207,"column":29}},"25":{"start":{"line":210,"column":2},"end":{"line":218,"column":4}},"26":{"start":{"line":220,"column":2},"end":{"line":225,"column":4}},"27":{"start":{"line":221,"column":4},"end":{"line":224,"column":6}},"28":{"start":{"line":227,"column":2},"end":{"line":236,"column":4}},"29":{"start":{"line":61,"column":4},"end":{"line":66,"column":6}},"30":{"start":{"line":72,"column":4},"end":{"line":72,"column":30}},"31":{"start":{"line":83,"column":74},"end":{"line":83,"column":79}},"32":{"start":{"line":83,"column":39},"end":{"line":83,"column":74}},"33":{"start":{"line":85,"column":4},"end":{"line":91,"column":22}},"34":{"start":{"line":97,"column":23},"end":{"line":97,"column":33}},"35":{"start":{"line":99,"column":4},"end":{"line":105,"column":null}},"36":{"start":{"line":110,"column":23},"end":{"line":110,"column":33}},"37":{"start":{"line":111,"column":4},"end":{"line":111,"column":60}},"38":{"start":{"line":115,"column":30},"end":{"line":115,"column":40}},"39":{"start":{"line":116,"column":4},"end":{"line":118,"column":15}},"40":{"start":{"line":122,"column":4},"end":{"line":124,"column":23}},"41":{"start":{"line":128,"column":4},"end":{"line":130,"column":null}},"42":{"start":{"line":129,"column":6},"end":{"line":129,"column":30}},"43":{"start":{"line":134,"column":4},"end":{"line":141,"column":6}},"44":{"start":{"line":135,"column":13},"end":{"line":139,"column":8}},"45":{"start":{"line":150,"column":4},"end":{"line":150,"column":43}},"46":{"start":{"line":151,"column":4},"end":{"line":151,"column":46}},"47":{"start":{"line":249,"column":8},"end":{"line":249,"column":18}},"48":{"start":{"line":251,"column":51},"end":{"line":251,"column":61}},"49":{"start":{"line":253,"column":4},"end":{"line":255,"column":null}},"50":{"start":{"line":254,"column":6},"end":{"line":254,"column":18}},"51":{"start":{"line":257,"column":4},"end":{"line":296,"column":6}},"52":{"start":{"line":50,"column":0},"end":{"line":50,"column":13}}},"fnMap":{"0":{"name":"(anonymous_2)","decl":{"start":{"line":50,"column":0},"end":{"line":50,"column":13}},"loc":{"start":{"line":50,"column":0},"end":{"line":298,"column":1}}},"1":{"name":"(anonymous_3)","decl":{"start":{"line":144,"column":19},"end":{"line":144,"column":20}},"loc":{"start":{"line":144,"column":38},"end":{"line":147,"column":3}}},"2":{"name":"(anonymous_4)","decl":{"start":{"line":154,"column":39},"end":{"line":154,"column":42}},"loc":{"start":{"line":154,"column":44},"end":{"line":166,"column":3}}},"3":{"name":"(anonymous_5)","decl":{"start":{"line":168,"column":16},"end":{"line":168,"column":19}},"loc":{"start":{"line":168,"column":21},"end":{"line":177,"column":3}}},"4":{"name":"(anonymous_6)","decl":{"start":{"line":170,"column":6},"end":{"line":170,"column":9}},"loc":{"start":{"line":170,"column":13},"end":{"line":174,"column":8}}},"5":{"name":"(anonymous_7)","decl":{"start":{"line":179,"column":17},"end":{"line":179,"column":18}},"loc":{"start":{"line":179,"column":32},"end":{"line":208,"column":3}}},"6":{"name":"(anonymous_8)","decl":{"start":{"line":187,"column":8},"end":{"line":187,"column":11}},"loc":{"start":{"line":187,"column":15},"end":{"line":192,"column":10}}},"7":{"name":"(anonymous_9)","decl":{"start":{"line":197,"column":8},"end":{"line":197,"column":11}},"loc":{"start":{"line":197,"column":15},"end":{"line":202,"column":10}}},"8":{"name":"(anonymous_10)","decl":{"start":{"line":210,"column":22},"end":{"line":210,"column":25}},"loc":{"start":{"line":210,"column":27},"end":{"line":218,"column":3}}},"9":{"name":"(anonymous_11)","decl":{"start":{"line":220,"column":33},"end":{"line":220,"column":53}},"loc":{"start":{"line":220,"column":55},"end":{"line":225,"column":3}}},"10":{"name":"(anonymous_12)","decl":{"start":{"line":227,"column":23},"end":{"line":227,"column":26}},"loc":{"start":{"line":227,"column":28},"end":{"line":236,"column":3}}},"11":{"name":"(anonymous_13)","decl":{"start":{"line":60,"column":2},"end":{"line":60,"column":6}},"loc":{"start":{"line":60,"column":23},"end":{"line":67,"column":3}}},"12":{"name":"(anonymous_14)","decl":{"start":{"line":69,"column":2},"end":{"line":69,"column":6}},"loc":{"start":{"line":69,"column":17},"end":{"line":73,"column":3}}},"13":{"name":"(anonymous_15)","decl":{"start":{"line":75,"column":2},"end":{"line":75,"column":6}},"loc":{"start":{"line":75,"column":17},"end":{"line":92,"column":3}}},"14":{"name":"(anonymous_16)","decl":{"start":{"line":94,"column":2},"end":{"line":94,"column":6}},"loc":{"start":{"line":94,"column":27},"end":{"line":107,"column":3}}},"15":{"name":"(anonymous_17)","decl":{"start":{"line":109,"column":2},"end":{"line":109,"column":6}},"loc":{"start":{"line":109,"column":17},"end":{"line":112,"column":3}}},"16":{"name":"(anonymous_18)","decl":{"start":{"line":114,"column":2},"end":{"line":114,"column":6}},"loc":{"start":{"line":114,"column":16},"end":{"line":119,"column":3}}},"17":{"name":"(anonymous_19)","decl":{"start":{"line":121,"column":2},"end":{"line":121,"column":6}},"loc":{"start":{"line":121,"column":26},"end":{"line":125,"column":3}}},"18":{"name":"(anonymous_20)","decl":{"start":{"line":127,"column":2},"end":{"line":127,"column":19}},"loc":{"start":{"line":127,"column":19},"end":{"line":131,"column":3}}},"19":{"name":"(anonymous_21)","decl":{"start":{"line":133,"column":2},"end":{"line":133,"column":18}},"loc":{"start":{"line":133,"column":18},"end":{"line":142,"column":3}}},"20":{"name":"(anonymous_22)","decl":{"start":{"line":135,"column":6},"end":{"line":135,"column":9}},"loc":{"start":{"line":135,"column":13},"end":{"line":139,"column":8}}},"21":{"name":"(anonymous_23)","decl":{"start":{"line":149,"column":2},"end":{"line":149,"column":15}},"loc":{"start":{"line":149,"column":15},"end":{"line":152,"column":3}}},"22":{"name":"(anonymous_24)","decl":{"start":{"line":238,"column":2},"end":{"line":238,"column":8}},"loc":{"start":{"line":238,"column":8},"end":{"line":297,"column":3}}}},"branchMap":{"0":{"loc":{"start":{"line":155,"column":4},"end":{"line":158,"column":null}},"type":"if","locations":[{"start":{"line":155,"column":4},"end":{"line":158,"column":null}},{"start":{"line":155,"column":4},"end":{"line":158,"column":null}}]},"1":{"loc":{"start":{"line":160,"column":4},"end":{"line":165,"column":null}},"type":"if","locations":[{"start":{"line":160,"column":4},"end":{"line":165,"column":null}},{"start":{"line":160,"column":4},"end":{"line":165,"column":null}}]},"2":{"loc":{"start":{"line":160,"column":8},"end":{"line":160,"column":25}},"type":"binary-expr","locations":[{"start":{"line":160,"column":8},"end":{"line":160,"column":25}},{"start":{"line":160,"column":29},"end":{"line":160,"column":48}}]},"3":{"loc":{"start":{"line":182,"column":10},"end":{"line":182,"column":28}},"type":"cond-expr","locations":[{"start":{"line":182,"column":10},"end":{"line":182,"column":28}},{"start":{"line":183,"column":10},"end":{"line":183,"column":46}}]},"4":{"loc":{"start":{"line":181,"column":6},"end":{"line":181,"column":11}},"type":"binary-expr","locations":[{"start":{"line":181,"column":6},"end":{"line":181,"column":11}},{"start":{"line":181,"column":15},"end":{"line":181,"column":28}}]},"5":{"loc":{"start":{"line":185,"column":4},"end":{"line":205,"column":null}},"type":"if","locations":[{"start":{"line":185,"column":4},"end":{"line":205,"column":null}},{"start":{"line":185,"column":4},"end":{"line":205,"column":null}}]},"6":{"loc":{"start":{"line":185,"column":8},"end":{"line":185,"column":25}},"type":"binary-expr","locations":[{"start":{"line":185,"column":8},"end":{"line":185,"column":25}},{"start":{"line":185,"column":29},"end":{"line":185,"column":58}}]},"7":{"loc":{"start":{"line":62,"column":6},"end":{"line":62,"column":27}},"type":"binary-expr","locations":[{"start":{"line":62,"column":6},"end":{"line":62,"column":27}},{"start":{"line":63,"column":6},"end":{"line":63,"column":20}},{"start":{"line":64,"column":6},"end":{"line":64,"column":43}},{"start":{"line":65,"column":6},"end":{"line":65,"column":46}}]},"8":{"loc":{"start":{"line":72,"column":11},"end":{"line":72,"column":19}},"type":"binary-expr","locations":[{"start":{"line":72,"column":11},"end":{"line":72,"column":19}},{"start":{"line":72,"column":23},"end":{"line":72,"column":29}}]},"9":{"loc":{"start":{"line":86,"column":7},"end":{"line":89,"column":null}},"type":"cond-expr","locations":[{"start":{"line":86,"column":7},"end":{"line":89,"column":null}},{"start":{"line":91,"column":7},"end":{"line":91,"column":21}}]},"10":{"loc":{"start":{"line":111,"column":44},"end":{"line":111,"column":50}},"type":"cond-expr","locations":[{"start":{"line":111,"column":44},"end":{"line":111,"column":50}},{"start":{"line":111,"column":53},"end":{"line":111,"column":59}}]},"11":{"loc":{"start":{"line":117,"column":8},"end":{"line":117,"column":13}},"type":"cond-expr","locations":[{"start":{"line":117,"column":8},"end":{"line":117,"column":13}},{"start":{"line":118,"column":8},"end":{"line":118,"column":14}}]},"12":{"loc":{"start":{"line":116,"column":11},"end":{"line":116,"column":41}},"type":"binary-expr","locations":[{"start":{"line":116,"column":11},"end":{"line":116,"column":41}},{"start":{"line":116,"column":45},"end":{"line":116,"column":74}}]},"13":{"loc":{"start":{"line":123,"column":8},"end":{"line":123,"column":35}},"type":"cond-expr","locations":[{"start":{"line":123,"column":8},"end":{"line":123,"column":35}},{"start":{"line":124,"column":8},"end":{"line":124,"column":22}}]},"14":{"loc":{"start":{"line":122,"column":11},"end":{"line":122,"column":27}},"type":"binary-expr","locations":[{"start":{"line":122,"column":11},"end":{"line":122,"column":27}},{"start":{"line":122,"column":31},"end":{"line":122,"column":60}}]},"15":{"loc":{"start":{"line":128,"column":4},"end":{"line":130,"column":null}},"type":"if","locations":[{"start":{"line":128,"column":4},"end":{"line":130,"column":null}},{"start":{"line":128,"column":4},"end":{"line":130,"column":null}}]},"16":{"loc":{"start":{"line":128,"column":8},"end":{"line":128,"column":29}},"type":"binary-expr","locations":[{"start":{"line":128,"column":8},"end":{"line":128,"column":29}},{"start":{"line":128,"column":33},"end":{"line":128,"column":53}}]},"17":{"loc":{"start":{"line":248,"column":13},"end":{"line":248,"column":18}},"type":"default-arg","locations":[{"start":{"line":248,"column":13},"end":{"line":248,"column":18}}]},"18":{"loc":{"start":{"line":253,"column":4},"end":{"line":255,"column":null}},"type":"if","locations":[{"start":{"line":253,"column":4},"end":{"line":255,"column":null}},{"start":{"line":253,"column":4},"end":{"line":255,"column":null}}]},"19":{"loc":{"start":{"line":253,"column":8},"end":{"line":253,"column":17}},"type":"binary-expr","locations":[{"start":{"line":253,"column":8},"end":{"line":253,"column":17}},{"start":{"line":253,"column":21},"end":{"line":253,"column":31}},{"start":{"line":253,"column":35},"end":{"line":253,"column":42}}]},"20":{"loc":{"start":{"line":259,"column":9},"end":{"line":259,"column":27}},"type":"binary-expr","locations":[{"start":{"line":259,"column":9},"end":{"line":259,"column":27}},{"start":{"line":260,"column":10},"end":{"line":263,"column":null}}]},"21":{"loc":{"start":{"line":267,"column":9},"end":{"line":267,"column":25}},"type":"binary-expr","locations":[{"start":{"line":267,"column":9},"end":{"line":267,"column":25}},{"start":{"line":267,"column":29},"end":{"line":267,"column":49}},{"start":{"line":268,"column":10},"end":{"line":279,"column":null}}]},"22":{"loc":{"start":{"line":276,"column":24},"end":{"line":276,"column":33}},"type":"binary-expr","locations":[{"start":{"line":276,"column":24},"end":{"line":276,"column":33}},{"start":{"line":276,"column":37},"end":{"line":276,"column":40}}]},"23":{"loc":{"start":{"line":283,"column":9},"end":{"line":283,"column":25}},"type":"binary-expr","locations":[{"start":{"line":283,"column":9},"end":{"line":283,"column":25}},{"start":{"line":283,"column":29},"end":{"line":283,"column":48}},{"start":{"line":284,"column":10},"end":{"line":292,"column":null}}]},"24":{"loc":{"start":{"line":287,"column":24},"end":{"line":287,"column":33}},"type":"binary-expr","locations":[{"start":{"line":287,"column":24},"end":{"line":287,"column":33}},{"start":{"line":287,"column":37},"end":{"line":287,"column":40}}]}},"s":{"0":1,"1":1,"2":44,"3":44,"4":48,"5":48,"6":44,"7":52,"8":2,"9":2,"10":50,"11":1,"12":49,"13":49,"14":44,"15":2,"16":2,"17":44,"18":5,"19":5,"20":2,"21":2,"22":3,"23":3,"24":5,"25":44,"26":44,"27":5,"28":44,"29":69,"30":238,"31":67,"32":67,"33":67,"34":4,"35":4,"36":67,"37":67,"38":68,"39":68,"40":47,"41":47,"42":45,"43":45,"44":45,"45":47,"46":47,"47":119,"48":119,"49":119,"50":1,"51":118,"52":1},"f":{"0":44,"1":48,"2":52,"3":2,"4":2,"5":5,"6":2,"7":3,"8":4,"9":5,"10":4,"11":69,"12":238,"13":67,"14":4,"15":67,"16":68,"17":47,"18":47,"19":45,"20":45,"21":47,"22":119},"b":{"0":[2,50],"1":[1,49],"2":[50,2],"3":[4,1],"4":[5,4],"5":[2,3],"6":[5,4],"7":[69,22,22,16],"8":[238,144],"9":[15,52],"10":[3,64],"11":[2,66],"12":[68,3],"13":[1,46],"14":[47,1],"15":[45,2],"16":[47,46],"17":[119],"18":[1,118],"19":[119,114,49],"20":[118,118],"21":[118,67,65],"22":[65,65],"23":[118,67,2],"24":[2,2]}}
}
