TN:
SF:/Users/julianlow/Projects/bloody-react-image/src/index.tsx
FN:50,(anonymous_2)
FN:144,(anonymous_3)
FN:154,(anonymous_4)
FN:168,(anonymous_5)
FN:170,(anonymous_6)
FN:179,(anonymous_7)
FN:187,(anonymous_8)
FN:197,(anonymous_9)
FN:210,(anonymous_10)
FN:220,(anonymous_11)
FN:227,(anonymous_12)
FN:60,(anonymous_13)
FN:69,(anonymous_14)
FN:75,(anonymous_15)
FN:94,(anonymous_16)
FN:109,(anonymous_17)
FN:114,(anonymous_18)
FN:121,(anonymous_19)
FN:127,(anonymous_20)
FN:133,(anonymous_21)
FN:135,(anonymous_22)
FN:149,(anonymous_23)
FN:238,(anonymous_24)
FNF:23
FNH:23
FNDA:44,(anonymous_2)
FNDA:48,(anonymous_3)
FNDA:52,(anonymous_4)
FNDA:2,(anonymous_5)
FNDA:2,(anonymous_6)
FNDA:5,(anonymous_7)
FNDA:2,(anonymous_8)
FNDA:3,(anonymous_9)
FNDA:4,(anonymous_10)
FNDA:5,(anonymous_11)
FNDA:4,(anonymous_12)
FNDA:69,(anonymous_13)
FNDA:238,(anonymous_14)
FNDA:67,(anonymous_15)
FNDA:4,(anonymous_16)
FNDA:67,(anonymous_17)
FNDA:68,(anonymous_18)
FNDA:47,(anonymous_19)
FNDA:47,(anonymous_20)
FNDA:45,(anonymous_21)
FNDA:45,(anonymous_22)
FNDA:47,(anonymous_23)
FNDA:119,(anonymous_24)
DA:1,1
DA:2,1
DA:50,1
DA:53,44
DA:61,69
DA:72,238
DA:83,67
DA:85,67
DA:97,4
DA:99,4
DA:110,67
DA:111,67
DA:115,68
DA:116,68
DA:122,47
DA:128,47
DA:129,45
DA:134,45
DA:135,45
DA:144,44
DA:145,48
DA:146,48
DA:150,47
DA:151,47
DA:154,44
DA:155,52
DA:156,2
DA:157,2
DA:160,50
DA:161,1
DA:163,49
DA:164,49
DA:168,44
DA:169,2
DA:170,2
DA:179,44
DA:181,5
DA:185,5
DA:186,2
DA:187,2
DA:196,3
DA:197,3
DA:207,5
DA:210,44
DA:220,44
DA:221,5
DA:227,44
DA:249,119
DA:251,119
DA:253,119
DA:254,1
DA:257,118
LF:52
LH:52
BRDA:155,0,0,2
BRDA:155,0,1,50
BRDA:160,1,0,1
BRDA:160,1,1,49
BRDA:160,2,0,50
BRDA:160,2,1,2
BRDA:182,3,0,4
BRDA:182,3,1,1
BRDA:181,4,0,5
BRDA:181,4,1,4
BRDA:185,5,0,2
BRDA:185,5,1,3
BRDA:185,6,0,5
BRDA:185,6,1,4
BRDA:62,7,0,69
BRDA:62,7,1,22
BRDA:62,7,2,22
BRDA:62,7,3,16
BRDA:72,8,0,238
BRDA:72,8,1,144
BRDA:86,9,0,15
BRDA:86,9,1,52
BRDA:111,10,0,3
BRDA:111,10,1,64
BRDA:117,11,0,2
BRDA:117,11,1,66
BRDA:116,12,0,68
BRDA:116,12,1,3
BRDA:123,13,0,1
BRDA:123,13,1,46
BRDA:122,14,0,47
BRDA:122,14,1,1
BRDA:128,15,0,45
BRDA:128,15,1,2
BRDA:128,16,0,47
BRDA:128,16,1,46
BRDA:248,17,0,119
BRDA:253,18,0,1
BRDA:253,18,1,118
BRDA:253,19,0,119
BRDA:253,19,1,114
BRDA:253,19,2,49
BRDA:259,20,0,118
BRDA:259,20,1,118
BRDA:267,21,0,118
BRDA:267,21,1,67
BRDA:267,21,2,65
BRDA:276,22,0,65
BRDA:276,22,1,65
BRDA:283,23,0,118
BRDA:283,23,1,67
BRDA:283,23,2,2
BRDA:287,24,0,2
BRDA:287,24,1,2
BRF:54
BRH:54
end_of_record
