TN:
SF:/Users/julianlow/Projects/bloody-react-image/src/index.js
FN:15,(anonymous_0)
FN:24,(anonymous_1)
FN:30,(anonymous_2)
FN:44,(anonymous_3)
FN:59,(anonymous_4)
FN:64,(anonymous_5)
FN:73,(anonymous_6)
FN:77,(anonymous_7)
FN:83,(anonymous_8)
FN:85,(anonymous_9)
FN:94,(anonymous_10)
FN:100,(anonymous_11)
FN:105,(anonymous_12)
FN:119,(anonymous_13)
FN:119,(anonymous_14)
FN:121,(anonymous_15)
FN:130,(anonymous_16)
FN:138,(anonymous_17)
FN:148,(anonymous_18)
FN:161,(anonymous_19)
FN:161,(anonymous_20)
FN:171,(anonymous_21)
FN:180,(anonymous_22)
FN:191,(anonymous_23)
FN:203,(anonymous_24)
FNF:25
FNH:25
FNDA:9,(anonymous_0)
FNDA:111,(anonymous_1)
FNDA:7,(anonymous_2)
FNDA:3,(anonymous_3)
FNDA:7,(anonymous_4)
FNDA:8,(anonymous_5)
FNDA:49,(anonymous_6)
FNDA:49,(anonymous_7)
FNDA:47,(anonymous_8)
FNDA:47,(anonymous_9)
FNDA:50,(anonymous_10)
FNDA:49,(anonymous_11)
FNDA:54,(anonymous_12)
FNDA:53,(anonymous_13)
FNDA:2,(anonymous_14)
FNDA:2,(anonymous_15)
FNDA:5,(anonymous_16)
FNDA:2,(anonymous_17)
FNDA:3,(anonymous_18)
FNDA:4,(anonymous_19)
FNDA:2,(anonymous_20)
FNDA:4,(anonymous_21)
FNDA:4,(anonymous_22)
FNDA:25,(anonymous_23)
FNDA:123,(anonymous_24)
DA:6,1
DA:8,46
DA:16,9
DA:27,111
DA:33,7
DA:35,7
DA:47,3
DA:49,3
DA:60,7
DA:61,7
DA:65,8
DA:66,8
DA:68,8
DA:74,49
DA:78,49
DA:79,47
DA:84,47
DA:85,47
DA:95,50
DA:96,50
DA:97,50
DA:101,49
DA:102,49
DA:105,46
DA:106,54
DA:107,2
DA:108,2
DA:111,52
DA:112,1
DA:114,51
DA:115,51
DA:119,53
DA:120,2
DA:121,2
DA:130,46
DA:132,5
DA:136,5
DA:137,2
DA:138,2
DA:147,3
DA:148,3
DA:158,5
DA:161,46
DA:172,4
DA:180,46
DA:192,25
DA:193,1
DA:196,24
DA:197,5
DA:200,19
DA:217,123
DA:219,123
DA:221,123
DA:222,66
DA:231,57
DA:232,5
DA:252,52
DA:253,1
DA:268,51
LF:59
LH:59
BRDA:17,0,0,9
BRDA:17,0,1,4
BRDA:17,0,2,4
BRDA:17,0,3,2
BRDA:27,1,0,111
BRDA:27,1,1,13
BRDA:27,1,2,8
BRDA:27,1,3,8
BRDA:35,2,0,1
BRDA:35,2,1,6
BRDA:61,3,0,1
BRDA:61,3,1,6
BRDA:68,4,0,1
BRDA:68,4,1,7
BRDA:68,5,0,8
BRDA:68,5,1,1
BRDA:74,6,0,1
BRDA:74,6,1,48
BRDA:78,7,0,47
BRDA:78,7,1,2
BRDA:78,8,0,49
BRDA:78,8,1,48
BRDA:106,9,0,2
BRDA:106,9,1,52
BRDA:111,10,0,1
BRDA:111,10,1,51
BRDA:111,11,0,52
BRDA:111,11,1,2
BRDA:132,12,0,4
BRDA:132,12,1,1
BRDA:132,13,0,5
BRDA:132,13,1,4
BRDA:136,14,0,2
BRDA:136,14,1,3
BRDA:136,15,0,5
BRDA:136,15,1,4
BRDA:172,16,0,3
BRDA:172,16,1,1
BRDA:192,17,0,1
BRDA:192,17,1,24
BRDA:192,18,0,25
BRDA:192,18,1,1
BRDA:196,19,0,5
BRDA:196,19,1,19
BRDA:216,20,0,123
BRDA:221,21,0,66
BRDA:221,21,1,57
BRDA:221,22,0,123
BRDA:221,22,1,117
BRDA:221,22,2,66
BRDA:231,23,0,5
BRDA:231,23,1,52
BRDA:231,24,0,57
BRDA:231,24,1,6
BRDA:243,25,0,5
BRDA:243,25,1,5
BRDA:252,26,0,1
BRDA:252,26,1,51
BRDA:252,27,0,52
BRDA:252,27,1,1
BRDA:257,28,0,1
BRDA:257,28,1,1
BRF:62
BRH:62
end_of_record
TN:
SF:/Users/julianlow/Projects/bloody-react-image/src/index.propTypes.js
FNF:0
FNH:0
DA:3,1
LF:1
LH:1
BRF:0
BRH:0
end_of_record
TN:
SF:/Users/julianlow/Projects/bloody-react-image/src/utils.js
FN:1,(anonymous_0)
FN:4,(anonymous_1)
FNF:2
FNH:2
FNDA:42,(anonymous_0)
FNDA:41,(anonymous_1)
DA:1,2
DA:2,42
DA:4,41
LF:3
LH:3
BRDA:4,0,0,41
BRDA:4,0,1,28
BRF:2
BRH:2
end_of_record
